  Level2.cpp
c:\users\ben\source\repos\videogame\videogame\level2.cpp(20): warning C4305: '=': truncation from 'double' to 'float'
c:\users\ben\source\repos\videogame\videogame\level2.cpp(126): warning C4244: '=': conversion from 'int' to 'T', possible loss of data
          with
          [
              T=float
          ]
c:\users\ben\source\repos\videogame\videogame\level2.cpp(129): warning C4244: '=': conversion from 'int' to 'T', possible loss of data
          with
          [
              T=float
          ]
c:\users\ben\source\repos\videogame\videogame\level2.cpp(134): warning C4244: '=': conversion from 'int' to 'T', possible loss of data
          with
          [
              T=float
          ]
c:\users\ben\source\repos\videogame\videogame\level2.cpp(137): warning C4244: '=': conversion from 'int' to 'T', possible loss of data
          with
          [
              T=float
          ]
c:\users\ben\source\repos\videogame\videogame\level2.cpp(182): warning C4244: 'argument': conversion from 'int' to 'float', possible loss of data
c:\users\ben\source\repos\videogame\videogame\level2.cpp(235): warning C4018: '<': signed/unsigned mismatch
  VideoGame.vcxproj -> C:\Users\Ben\source\repos\VideoGame\Debug\VideoGame.exe
